2019-12-11 15:29:09,903 - pyswarms.single.global_best - INFO - Optimize for 100 iters with {'c1': 0.5, 'c2': 0.3, 'w': 0.9}
2019-12-11 15:37:42,518 - pyswarms.single.global_best - INFO - Optimize for 100 iters with {'c1': 0.5, 'c2': 0.3, 'w': 0.9}
2019-12-11 15:49:40,478 - pyswarms.single.global_best - INFO - Optimize for 100 iters with {'c1': 0.5, 'c2': 0.3, 'w': 0.9}
2019-12-11 15:50:25,908 - pyswarms.single.global_best - INFO - Optimize for 100 iters with {'c1': 0.5, 'c2': 0.3, 'w': 0.9}
2019-12-11 15:50:55,659 - pyswarms.single.global_best - INFO - Optimize for 100 iters with {'c1': 0.5, 'c2': 0.3, 'w': 0.9}
2019-12-11 15:55:42,795 - pyswarms.single.global_best - INFO - Optimize for 100 iters with {'c1': 0.5, 'c2': 0.3, 'w': 0.9}
2019-12-12 11:25:17,800 - pyswarms.single.global_best - INFO - Optimize for 100 iters with {'c1': 0.5, 'c2': 0.3, 'w': 0.9}
2019-12-12 11:28:37,999 - pyswarms.single.global_best - INFO - Optimize for 100 iters with {'c1': 0.5, 'c2': 0.3, 'w': 0.9}
2019-12-12 11:30:08,451 - pyswarms.single.global_best - INFO - Optimize for 100 iters with {'c1': 0.5, 'c2': 0.3, 'w': 0.9}
2019-12-12 11:34:05,750 - pyswarms.single.global_best - INFO - Optimize for 100 iters with {'c1': 0.5, 'c2': 0.3, 'w': 0.9}
2019-12-12 12:47:03,539 - pyswarms.single.global_best - INFO - Optimize for 100 iters with {'c1': 0.5, 'c2': 0.3, 'w': 0.9}
2019-12-12 12:49:14,836 - pyswarms.single.global_best - INFO - Optimize for 100 iters with {'c1': 0.5, 'c2': 0.3, 'w': 0.9}
2019-12-12 21:31:55,469 - pyswarms.single.global_best - INFO - Optimize for 100 iters with {'c1': 0.5, 'c2': 0.3, 'w': 0.9}
2019-12-12 21:41:52,281 - pyswarms.single.global_best - INFO - Optimization finished | best cost: 0.005871565292052461, best pos: [0.01044183]
2019-12-12 22:16:16,559 - pyswarms.single.global_best - INFO - Optimize for 100 iters with {'c1': 0.5, 'c2': 0.3, 'w': 0.9}
2019-12-12 22:24:07,365 - pyswarms.single.global_best - INFO - Optimization finished | best cost: 0.00587207061053141, best pos: [0.01090789]
2019-12-13 23:35:06,762 - pyswarms.discrete.binary - INFO - Optimize for 1000 iters with {'c1': 0.5, 'c2': 0.5, 'w': 0.9, 'k': 30, 'p': 2}
2019-12-13 23:42:35,190 - pyswarms.discrete.binary - INFO - Optimize for 1000 iters with {'c1': 0.5, 'c2': 0.5, 'w': 0.9, 'k': 30, 'p': 2}
2019-12-13 23:45:28,666 - pyswarms.discrete.binary - INFO - Optimize for 1000 iters with {'c1': 0.5, 'c2': 0.5, 'w': 0.9, 'k': 30, 'p': 2}
2019-12-13 23:56:57,985 - pyswarms.discrete.binary - INFO - Optimize for 1000 iters with {'c1': 0.5, 'c2': 0.5, 'w': 0.9, 'k': 30, 'p': 2}
2019-12-15 15:46:49,749 - matplotlib.animation - INFO - Animation.save using <class 'matplotlib.animation.FFMpegWriter'>
2019-12-15 15:46:50,047 - matplotlib.animation - INFO - MovieWriter.run: running command: ['ffmpeg', '-f', 'rawvideo', '-vcodec', 'rawvideo', '-s', '1000x800', '-pix_fmt', 'rgba', '-r', '12.5', '-loglevel', 'error', '-i', 'pipe:', '-vcodec', 'h264', '-pix_fmt', 'yuv420p', '-y', 'C:\\Users\\Mr_Je\\AppData\\Local\\Temp\\tmp69ifqjav\\temp.m4v']
2019-12-15 17:51:35,730 - matplotlib.animation - INFO - Animation.save using <class 'matplotlib.animation.FFMpegWriter'>
2019-12-15 17:51:36,067 - matplotlib.animation - INFO - MovieWriter.run: running command: ['ffmpeg', '-f', 'rawvideo', '-vcodec', 'rawvideo', '-s', '720x576', '-pix_fmt', 'rgba', '-r', '12.5', '-loglevel', 'error', '-i', 'pipe:', '-vcodec', 'h264', '-pix_fmt', 'yuv420p', '-y', 'C:\\Users\\Mr_Je\\AppData\\Local\\Temp\\tmpl6r5gl_c\\temp.m4v']
